<?xml version="1.0" encoding="UTF-8"?><testsuite errors="0" failures="0" name="io.swagger.petstore.crudtests.PetsCRUDTest" skipped="0" tests="4" time="10.68" timestamp="2023-01-04T16:23:09.189Z[Europe/London]"><testcase classname="io.swagger.petstore.crudtests.PetsCRUDTest" name="This will create new Pet"/><testcase classname="io.swagger.petstore.crudtests.PetsCRUDTest" name="Verify pet was created"/><testcase classname="io.swagger.petstore.crudtests.PetsCRUDTest" name="Update the pet info"/><testcase classname="io.swagger.petstore.crudtests.PetsCRUDTest" name="Delete the pet"/></testsuite>